<?xml version="1.0" encoding="UTF-8"?>
<!-- Generated by org.testng.reporters.JUnitReportReporter -->
<testsuite skipped="0" hostname="DESKTOP-3QLAERD" name="com.TestLayer.LoginPageTest" tests="1" failures="0" timestamp="2021-01-23T09:29:24 IST" time="8.813" errors="0">
  <testcase name="ValidateLogin" time="8.813" classname="com.TestLayer.LoginPageTest"/>
  <system-out/>
</testsuite> <!-- com.TestLayer.LoginPageTest -->
